<?xml version="1.0" encoding="UTF-8"?>
<!-- Generated by org.testng.reporters.JUnitXMLReporter -->
<testsuite hostname="USNA012PLD" ignored="0" name="EdgeTest" tests="1" failures="1" timestamp="2023-02-01T00:36:11 CST" time="41.548" errors="0">
  <testcase name="useTestNG" time="18.663" classname="Assignment12.Task1">
    <failure type="java.lang.AssertionError" message="expected [false] but found [true]">
      <![CDATA[java.lang.AssertionError: expected [false] but found [true]
at Assignment12.Task1.useTestNG(Task1.java:141)
at java.util.ArrayList.forEach(ArrayList.java:1259)
at java.util.concurrent.FutureTask.run(FutureTask.java:266)
at java.util.concurrent.ThreadPoolExecutor.runWorker(ThreadPoolExecutor.java:1149)
at java.util.concurrent.ThreadPoolExecutor$Worker.run(ThreadPoolExecutor.java:624)
at java.lang.Thread.run(Thread.java:748)
... Removed 22 stack frames]]>
    </failure>
  </testcase> <!-- useTestNG -->
</testsuite> <!-- EdgeTest -->
